<?xml version="1.0" encoding="UTF-8"?>
<!-- Generated by org.testng.reporters.JUnitXMLReporter -->
<testsuite ignored="2" hostname="DESKTOP-MESHC12" failures="0" tests="1" name="Default test" time="44.102" errors="0" timestamp="2021-06-16T13:31:49 IST">
  <testcase classname="DependsOnMethodsDemo" name="test5" time="43.997"/>
  <testcase classname="DependsOnMethodsDemo" name="test_Home_Page_Appear_Correct" time="0.0">
    <ignored/>
  </testcase> <!-- test_Home_Page_Appear_Correct -->
  <testcase classname="DependsOnMethodsDemo" name="verify_MangerID" time="0.0">
    <ignored/>
  </testcase> <!-- verify_MangerID -->
</testsuite> <!-- Default test -->
